2017/03/14 00:00:20 [D] [loginModels.go:17] get default theme. 
2017/03/14 00:00:23 [D] [loginModels.go:17] get default theme. 
2017/03/14 00:00:28 [D] [loginModels.go:17] get default theme. 
2017/03/14 00:00:30 [D] [loginModels.go:17] get default theme. 
2017/03/14 00:00:33 [D] [loginModels.go:17] get default theme. 
2017/03/14 00:00:35 [D] [loginModels.go:17] get default theme. 
2017/03/14 00:01:09 [D] [loginModels.go:17] get default theme. 
2017/03/14 00:58:31 [D] [logs.go:158] init log, platform log dir is : C:/Users/hzwy23/Desktop/devops/log/hauth.log 
2017/03/14 00:58:42 [D] [loginModels.go:17] get default theme. 
2017/03/14 00:58:46 [D] [loginModels.go:17] get default theme. 
2017/03/14 00:58:50 [D] [loginModels.go:17] get default theme. 
2017/03/14 01:12:59 [D] [logs.go:158] init log, platform log dir is : C:/Users/hzwy23/Desktop/devops/log/hauth.log 
2017/03/14 01:13:14 [D] [loginModels.go:17] get default theme. 
2017/03/14 10:19:19 [D] [logs.go:158] init log, platform log dir is : C:/Users/hzwy23/Desktop/devops/log/hauth.log 
2017/03/14 10:19:34 [D] [loginModels.go:17] get default theme. 
2017/03/14 10:21:57 [D] [loginModels.go:17] get default theme. 
2017/03/14 10:22:08 [D] [loginModels.go:17] get default theme. 
2017/03/14 10:22:20 [D] [loginModels.go:17] get default theme. 
2017/03/14 10:23:15 [D] [loginModels.go:17] get default theme. 
2017/03/14 10:25:35 [D] [loginModels.go:17] get default theme. 
2017/03/14 10:26:14 [D] [loginModels.go:17] get default theme. 
2017/03/14 10:26:52 [D] [loginModels.go:17] get default theme. 
2017/03/14 10:27:33 [D] [loginModels.go:17] get default theme. 
2017/03/14 10:28:57 [D] [loginModels.go:17] get default theme. 
2017/03/14 10:29:15 [D] [loginModels.go:17] get default theme. 
2017/03/14 10:30:00 [D] [loginModels.go:17] get default theme. 
2017/03/14 10:30:27 [D] [loginModels.go:17] get default theme. 
2017/03/14 10:31:09 [D] [loginModels.go:17] get default theme. 
2017/03/14 10:31:29 [D] [loginModels.go:17] get default theme. 
2017/03/14 10:31:54 [D] [loginModels.go:17] get default theme. 
2017/03/14 10:34:07 [D] [loginModels.go:17] get default theme. 
2017/03/14 10:34:25 [D] [loginModels.go:17] get default theme. 
2017/03/14 10:36:52 [D] [loginModels.go:17] get default theme. 
2017/03/14 10:37:18 [D] [loginModels.go:17] get default theme. 
2017/03/14 10:41:05 [D] [loginModels.go:17] get default theme. 
2017/03/14 10:42:51 [D] [loginModels.go:17] get default theme. 
2017/03/14 10:43:05 [E] [loginController.go:28] parase with claims failed. 
2017/03/14 10:43:18 [D] [loginModels.go:17] get default theme. 
2017/03/14 10:49:09 [D] [logs.go:158] init log, platform log dir is : C:/Users/hzwy23/Desktop/devops/log/hauth.log 
2017/03/14 10:49:16 [D] [loginModels.go:17] get default theme. 
2017/03/14 10:49:29 [E] [passwdController.go:44] 密码长度不能小于6位,且不能大于30位 
2017/03/14 10:54:10 [D] [logs.go:158] init log, platform log dir is : C:/Users/hzwy23/Desktop/devops/log/hauth.log 
2017/03/14 10:54:15 [E] [loginController.go:28] parase with claims failed. 
2017/03/14 10:55:06 [D] [loginModels.go:17] get default theme. 
2017/03/14 10:55:14 [E] [passwdController.go:69] 原密码不正确，请确认后重新输入 
2017/03/14 10:55:21 [E] [passwdController.go:43] 密码长度不能小于6位,且不能大于30位 
2017/03/14 10:55:22 [E] [passwdController.go:43] 密码长度不能小于6位,且不能大于30位 
2017/03/14 10:57:20 [D] [logs.go:158] init log, platform log dir is : C:/Users/hzwy23/Desktop/devops/log/hauth.log 
2017/03/14 10:57:23 [E] [loginController.go:28] parase with claims failed. 
2017/03/14 10:57:28 [D] [loginModels.go:17] get default theme. 
2017/03/14 10:57:45 [E] [passwdController.go:48] 新密码长度不能小于6位,且不能大于30位 
2017/03/14 10:59:17 [D] [loginModels.go:17] get default theme. 
2017/03/14 10:59:36 [E] [passwdController.go:74] 原密码不正确，请确认后重新输入 
2017/03/14 10:59:40 [E] [passwdController.go:74] 原密码不正确，请确认后重新输入 
2017/03/14 11:00:04 [E] [loginController.go:28] parase with claims failed. 
2017/03/14 11:00:10 [D] [loginModels.go:17] get default theme. 
2017/03/14 11:00:24 [E] [loginController.go:28] parase with claims failed. 
2017/03/14 11:00:28 [D] [loginModels.go:17] get default theme. 
2017/03/14 11:01:41 [D] [loginModels.go:17] get default theme. 
2017/03/14 11:02:26 [D] [loginModels.go:17] get default theme. 
2017/03/14 11:02:30 [D] [loginModels.go:17] get default theme. 
2017/03/14 11:02:34 [D] [loginModels.go:17] get default theme. 
2017/03/14 11:02:47 [D] [userRolesController.go:33]  
2017/03/14 11:02:48 [D] [userRolesController.go:33] demo 
2017/03/14 11:03:00 [D] [loginModels.go:17] get default theme. 
2017/03/14 11:03:18 [D] [loginModels.go:17] get default theme. 
2017/03/14 11:03:21 [D] [loginModels.go:17] get default theme. 
2017/03/14 11:03:24 [D] [loginModels.go:17] get default theme. 
2017/03/14 11:03:26 [D] [loginModels.go:17] get default theme. 
2017/03/14 11:03:33 [D] [loginModels.go:17] get default theme. 
2017/03/14 11:03:53 [D] [loginModels.go:17] get default theme. 
2017/03/14 11:04:00 [D] [loginModels.go:17] get default theme. 
2017/03/14 11:04:24 [D] [loginModels.go:17] get default theme. 
2017/03/14 11:04:26 [D] [loginModels.go:17] get default theme. 
2017/03/14 11:07:50 [E] [userModels.go:81] Error 1062: Duplicate entry 'test2' for key 'PRIMARY' 
2017/03/14 11:07:50 [E] [userControllers.go:172] Error 1062: Duplicate entry 'test2' for key 'PRIMARY' 
2017/03/14 11:07:50 [E] [userModels.go:81] Error 1062: Duplicate entry 'test2' for key 'PRIMARY' 
2017/03/14 11:07:50 [E] [userControllers.go:172] Error 1062: Duplicate entry 'test2' for key 'PRIMARY' 
2017/03/14 11:08:34 [D] [loginModels.go:17] get default theme. 
2017/03/14 11:08:37 [D] [loginModels.go:17] get default theme. 
2017/03/14 11:11:23 [D] [loginModels.go:17] get default theme. 
2017/03/14 11:14:41 [E] [orgController.go:222] Error 1062: Duplicate entry 'mas_join_fgasdf' for key 'PRIMARY' 
2017/03/14 11:15:07 [D] [loginModels.go:17] get default theme. 
2017/03/14 11:16:17 [D] [loginModels.go:17] get default theme. 
2017/03/14 11:16:19 [D] [loginModels.go:17] get default theme. 
2017/03/14 11:16:26 [D] [loginModels.go:17] get default theme. 
2017/03/14 11:16:28 [D] [userRolesController.go:33]  
2017/03/14 11:16:29 [D] [userRolesController.go:33] admin 
2017/03/14 11:16:31 [D] [loginModels.go:17] get default theme. 
2017/03/14 11:20:31 [D] [loginModels.go:17] get default theme. 
2017/03/14 11:20:36 [D] [domainShareController.go:43] domain_id is : mas 
2017/03/14 11:27:58 [D] [loginModels.go:17] get default theme. 
2017/03/14 11:28:02 [D] [domainShareController.go:43] domain_id is : mas 
2017/03/14 11:29:59 [D] [logs.go:158] init log, platform log dir is : C:/Users/hzwy23/Desktop/devops/log/hauth.log 
2017/03/14 11:30:47 [D] [loginModels.go:17] get default theme. 
2017/03/14 11:30:51 [D] [domainShareController.go:43] domain_id is : mas 
2017/03/14 11:31:13 [D] [loginModels.go:17] get default theme. 
2017/03/14 11:31:17 [D] [domainShareController.go:43] domain_id is : mas 
2017/03/14 11:31:25 [D] [loginModels.go:17] get default theme. 
2017/03/14 11:31:28 [D] [domainShareController.go:43] domain_id is : vertex_root 
2017/03/14 11:31:30 [D] [loginModels.go:17] get default theme. 
2017/03/14 11:31:33 [D] [domainShareController.go:43] domain_id is : mas 
2017/03/14 11:31:38 [D] [loginModels.go:17] get default theme. 
2017/03/14 12:37:13 [D] [loginModels.go:17] get default theme. 
2017/03/14 12:37:26 [D] [loginModels.go:17] get default theme. 
2017/03/14 12:37:40 [D] [loginModels.go:17] get default theme. 
2017/03/14 12:37:44 [D] [loginModels.go:17] get default theme. 
2017/03/14 12:37:47 [D] [loginModels.go:17] get default theme. 
2017/03/14 12:37:50 [D] [loginModels.go:17] get default theme. 
2017/03/14 12:37:53 [D] [loginModels.go:17] get default theme. 
2017/03/14 12:38:00 [D] [loginModels.go:17] get default theme. 
2017/03/14 12:38:03 [D] [userRolesController.go:33]  
2017/03/14 12:38:05 [D] [loginModels.go:17] get default theme. 
2017/03/14 12:38:07 [D] [loginModels.go:17] get default theme. 
2017/03/14 12:38:09 [D] [loginModels.go:17] get default theme. 
2017/03/14 12:38:10 [D] [loginModels.go:17] get default theme. 
2017/03/14 12:38:11 [D] [loginModels.go:17] get default theme. 
2017/03/14 12:38:13 [D] [loginModels.go:17] get default theme. 
2017/03/14 12:38:14 [D] [loginModels.go:17] get default theme. 
2017/03/14 12:38:15 [D] [loginModels.go:17] get default theme. 
2017/03/14 12:39:52 [D] [loginModels.go:17] get default theme. 
2017/03/14 12:40:33 [D] [loginModels.go:17] get default theme. 
2017/03/14 12:40:38 [D] [loginModels.go:17] get default theme. 
2017/03/14 12:41:52 [D] [loginModels.go:17] get default theme. 
2017/03/14 12:43:46 [D] [loginModels.go:17] get default theme. 
2017/03/14 12:43:52 [D] [loginModels.go:17] get default theme. 
2017/03/14 12:43:56 [D] [loginModels.go:17] get default theme. 
2017/03/14 12:46:25 [D] [loginModels.go:17] get default theme. 
2017/03/14 12:46:40 [D] [loginModels.go:17] get default theme. 
2017/03/14 12:47:12 [D] [loginModels.go:17] get default theme. 
2017/03/14 12:47:22 [D] [loginModels.go:17] get default theme. 
2017/03/14 12:48:19 [D] [loginModels.go:17] get default theme. 
2017/03/14 12:48:50 [D] [loginModels.go:17] get default theme. 
2017/03/14 12:49:22 [D] [loginModels.go:17] get default theme. 
2017/03/14 12:51:26 [D] [loginModels.go:17] get default theme. 
2017/03/14 12:51:50 [D] [loginModels.go:17] get default theme. 
2017/03/14 12:52:01 [D] [loginModels.go:17] get default theme. 
2017/03/14 12:54:39 [D] [loginModels.go:17] get default theme. 
2017/03/14 12:54:46 [D] [loginModels.go:17] get default theme. 
2017/03/14 12:56:46 [D] [loginModels.go:17] get default theme. 
2017/03/14 12:56:49 [D] [loginModels.go:17] get default theme. 
2017/03/14 12:57:28 [D] [loginModels.go:17] get default theme. 
2017/03/14 12:58:56 [D] [loginModels.go:17] get default theme. 
2017/03/14 12:59:43 [D] [loginModels.go:17] get default theme. 
2017/03/14 13:00:52 [D] [loginModels.go:17] get default theme. 
2017/03/14 13:00:59 [D] [loginModels.go:17] get default theme. 
2017/03/14 13:01:18 [D] [loginModels.go:17] get default theme. 
2017/03/14 13:01:23 [D] [loginModels.go:17] get default theme. 
2017/03/14 13:01:46 [D] [loginModels.go:17] get default theme. 
2017/03/14 13:02:55 [D] [loginModels.go:17] get default theme. 
2017/03/14 13:04:01 [D] [loginModels.go:17] get default theme. 
2017/03/14 13:05:14 [D] [loginModels.go:17] get default theme. 
2017/03/14 13:05:20 [D] [loginModels.go:17] get default theme. 
2017/03/14 13:05:30 [D] [loginModels.go:17] get default theme. 
2017/03/14 13:06:12 [D] [loginModels.go:17] get default theme. 
2017/03/14 13:06:17 [D] [loginModels.go:17] get default theme. 
2017/03/14 13:06:23 [D] [loginModels.go:17] get default theme. 
2017/03/14 13:06:28 [D] [loginModels.go:17] get default theme. 
2017/03/14 13:06:31 [D] [loginModels.go:17] get default theme. 
2017/03/14 13:06:41 [D] [loginModels.go:17] get default theme. 
2017/03/14 13:07:41 [D] [loginModels.go:17] get default theme. 
2017/03/14 13:07:53 [D] [loginModels.go:17] get default theme. 
2017/03/14 13:08:18 [D] [loginModels.go:17] get default theme. 
2017/03/14 13:08:40 [D] [loginModels.go:17] get default theme. 
2017/03/14 13:09:21 [D] [loginModels.go:17] get default theme. 
2017/03/14 13:09:39 [D] [loginModels.go:17] get default theme. 
2017/03/14 13:10:08 [D] [loginModels.go:17] get default theme. 
2017/03/14 13:10:26 [D] [loginModels.go:17] get default theme. 
2017/03/14 13:10:49 [D] [loginModels.go:17] get default theme. 
2017/03/14 13:11:10 [D] [loginModels.go:17] get default theme. 
2017/03/14 13:11:29 [D] [loginModels.go:17] get default theme. 
2017/03/14 13:11:45 [D] [loginModels.go:17] get default theme. 
2017/03/14 13:12:20 [D] [loginModels.go:17] get default theme. 
2017/03/14 13:12:40 [D] [loginModels.go:17] get default theme. 
2017/03/14 13:13:18 [D] [loginModels.go:17] get default theme. 
2017/03/14 13:14:17 [D] [loginModels.go:17] get default theme. 
2017/03/14 13:14:35 [D] [loginModels.go:17] get default theme. 
2017/03/14 13:14:55 [D] [loginModels.go:17] get default theme. 
2017/03/14 13:15:25 [D] [loginModels.go:17] get default theme. 
2017/03/14 13:15:28 [D] [loginModels.go:17] get default theme. 
2017/03/14 13:15:35 [D] [loginModels.go:17] get default theme. 
2017/03/14 13:15:45 [D] [loginModels.go:17] get default theme. 
2017/03/14 13:15:59 [D] [loginModels.go:17] get default theme. 
2017/03/14 13:16:21 [D] [loginModels.go:17] get default theme. 
2017/03/14 13:16:53 [D] [loginModels.go:17] get default theme. 
2017/03/14 13:17:03 [D] [loginModels.go:17] get default theme. 
2017/03/14 13:17:19 [D] [userControllers.go:222] mas_join_4542346 1 
2017/03/14 13:17:20 [D] [userControllers.go:222] mas_join_4542346 0 
2017/03/14 13:17:24 [D] [userControllers.go:222] mas_join_512345423 0 
2017/03/14 13:17:50 [D] [loginModels.go:17] get default theme. 
2017/03/14 13:17:54 [D] [userControllers.go:222] mas_join_34124  
2017/03/14 13:17:58 [D] [userControllers.go:222] mas_join_512345423  
2017/03/14 13:18:00 [D] [userControllers.go:222] mas_join_4542346  
2017/03/14 13:18:02 [D] [userControllers.go:222] mas_join_5233454  
2017/03/14 13:18:06 [D] [userControllers.go:222] mas_join_34124  
2017/03/14 13:18:13 [D] [userControllers.go:222] mas_join_512345423  
2017/03/14 13:18:17 [D] [userControllers.go:222] mas_join_34124 0 
2017/03/14 13:18:29 [D] [loginModels.go:17] get default theme. 
2017/03/14 13:33:11 [D] [loginModels.go:17] get default theme. 
2017/03/14 13:45:07 [D] [loginModels.go:17] get default theme. 
2017/03/14 13:46:06 [D] [loginModels.go:17] get default theme. 
2017/03/14 13:46:18 [D] [loginModels.go:17] get default theme. 
2017/03/14 13:47:35 [D] [loginModels.go:17] get default theme. 
2017/03/14 13:47:57 [D] [loginModels.go:17] get default theme. 
2017/03/14 13:48:09 [D] [loginModels.go:17] get default theme. 
2017/03/14 13:49:01 [D] [loginModels.go:17] get default theme. 
2017/03/14 13:51:12 [E] [orgModels.go:64] Error 1451: Cannot delete or update a parent row: a foreign key constraint fails (`test`.`sys_user_info`, CONSTRAINT `fk_sys_user_org` FOREIGN KEY (`org_unit_id`) REFERENCES `sys_org_info` (`org_unit_id`)) 
2017/03/14 13:51:12 [E] [orgController.go:103] Error 1451: Cannot delete or update a parent row: a foreign key constraint fails (`test`.`sys_user_info`, CONSTRAINT `fk_sys_user_org` FOREIGN KEY (`org_unit_id`) REFERENCES `sys_org_info` (`org_unit_id`)) 
2017/03/14 13:54:09 [D] [loginModels.go:17] get default theme. 
2017/03/14 13:55:57 [D] [loginModels.go:17] get default theme. 
2017/03/14 14:05:42 [D] [loginModels.go:17] get default theme. 
2017/03/14 14:10:37 [D] [loginModels.go:17] get default theme. 
2017/03/14 14:10:57 [D] [loginModels.go:17] get default theme. 
2017/03/14 14:11:20 [D] [loginModels.go:17] get default theme. 
2017/03/14 14:11:37 [D] [loginModels.go:17] get default theme. 
2017/03/14 14:11:49 [D] [userControllers.go:81] 2 
2017/03/14 14:12:10 [D] [loginModels.go:17] get default theme. 
2017/03/14 14:14:59 [D] [loginModels.go:17] get default theme. 
2017/03/14 14:15:04 [E] [userControllers.go:199] 禁止将自己删除。 
2017/03/14 14:16:26 [D] [loginModels.go:17] get default theme. 
2017/03/14 14:19:10 [D] [userControllers.go:222] mas_join_512345423  
2017/03/14 14:19:12 [D] [userControllers.go:222] mas_join_34124  
2017/03/14 14:20:52 [D] [domainShareController.go:43] domain_id is : mas 
2017/03/14 14:23:15 [D] [loginModels.go:17] get default theme. 
2017/03/14 14:26:06 [D] [loginModels.go:17] get default theme. 
2017/03/14 14:26:29 [D] [loginModels.go:17] get default theme. 
2017/03/14 14:26:35 [D] [domainShareController.go:43] domain_id is : mas 
2017/03/14 14:26:45 [D] [loginModels.go:17] get default theme. 
2017/03/14 14:27:15 [D] [loginModels.go:17] get default theme. 
2017/03/14 14:29:43 [D] [loginModels.go:17] get default theme. 
2017/03/14 14:30:14 [D] [loginModels.go:17] get default theme. 
2017/03/14 14:30:51 [D] [loginModels.go:17] get default theme. 
2017/03/14 14:33:36 [D] [loginModels.go:17] get default theme. 
2017/03/14 14:33:40 [D] [loginModels.go:17] get default theme. 
2017/03/14 14:34:46 [D] [loginModels.go:17] get default theme. 
2017/03/14 14:34:54 [E] [checkUserModels.go:71] sql: no rows in result set 
2017/03/14 14:34:54 [E] [domainController.go:165] <nil> 
2017/03/14 14:34:55 [E] [checkUserModels.go:71] sql: no rows in result set 
2017/03/14 14:34:55 [E] [domainController.go:165] <nil> 
2017/03/14 14:35:01 [D] [domainShareController.go:43] domain_id is : test 
2017/03/14 14:35:05 [D] [loginModels.go:17] get default theme. 
2017/03/14 14:35:09 [D] [domainShareController.go:43] domain_id is : mas 
2017/03/14 14:35:12 [D] [loginModels.go:17] get default theme. 
2017/03/14 14:35:13 [D] [loginModels.go:17] get default theme. 
2017/03/14 14:43:49 [I] [roleModels.go:78] delete role info successfully. role id is : mas_join_masadmin 
2017/03/14 14:43:51 [D] [loginModels.go:17] get default theme. 
2017/03/14 14:43:54 [D] [loginModels.go:17] get default theme. 
2017/03/14 14:44:03 [D] [loginModels.go:17] get default theme. 
2017/03/14 14:44:43 [D] [loginModels.go:17] get default theme. 
2017/03/14 14:44:50 [D] [loginModels.go:17] get default theme. 
2017/03/14 14:44:52 [D] [loginModels.go:17] get default theme. 
2017/03/14 14:45:00 [D] [loginModels.go:17] get default theme. 
2017/03/14 14:45:04 [D] [userRolesController.go:33]  
2017/03/14 14:45:07 [D] [userRolesController.go:33] demo 
2017/03/14 14:45:11 [E] [userRolesController.go:75] [{"user_id":"demo","role_id":"mas_join_masadmin","code_number":"masadmin","role_name":"管理会计管理员","state":true}] 
2017/03/14 14:45:11 [D] [userRolesController.go:33] demo 
2017/03/14 14:45:20 [D] [loginModels.go:17] get default theme. 
2017/03/14 14:47:00 [D] [loginModels.go:17] get default theme. 
2017/03/14 14:47:05 [D] [loginModels.go:17] get default theme. 
2017/03/14 14:47:49 [D] [loginModels.go:17] get default theme. 
2017/03/14 14:48:05 [D] [loginModels.go:17] get default theme. 
2017/03/14 14:48:21 [D] [loginModels.go:17] get default theme. 
2017/03/14 14:48:37 [E] [checkUserModels.go:71] sql: no rows in result set 
2017/03/14 14:52:36 [D] [userRolesController.go:33]  
2017/03/14 14:52:38 [D] [userRolesController.go:33] demo 
2017/03/14 14:55:17 [D] [userRolesController.go:33] test10 
2017/03/14 14:55:18 [D] [userRolesController.go:33] test10 
2017/03/14 14:55:18 [D] [userRolesController.go:33] test12 
2017/03/14 14:55:18 [D] [userRolesController.go:33] test10 
2017/03/14 14:55:19 [D] [userRolesController.go:33] demo 
2017/03/14 14:55:19 [D] [userRolesController.go:33] test1 
2017/03/14 14:58:13 [D] [userRolesController.go:33] test11 
2017/03/14 14:58:14 [D] [userRolesController.go:33] test1 
2017/03/14 14:58:17 [E] [userRolesController.go:75] [{"user_id":"test1","role_id":"mas_join_masadmin","code_number":"masadmin","role_name":"管理会计管理员","state":true}] 
2017/03/14 14:58:17 [D] [userRolesController.go:33] test1 
2017/03/14 14:58:18 [D] [userRolesController.go:33] demo 
2017/03/14 14:58:19 [D] [userRolesController.go:33] test1 
2017/03/14 14:58:21 [D] [userRolesController.go:33] test1 
2017/03/14 14:58:48 [I] [roleModels.go:78] delete role info successfully. role id is : mas_join_43124 
2017/03/14 15:06:32 [D] [loginModels.go:17] get default theme. 
2017/03/14 15:06:36 [D] [domainShareController.go:43] domain_id is : test 
2017/03/14 15:08:59 [D] [domainShareController.go:43] domain_id is : test 
2017/03/14 15:45:38 [W] [main.go:33] have no authority. redirect to index 
2017/03/14 15:45:38 [W] [main.go:33] have no authority. redirect to index 
2017/03/14 15:45:42 [W] [main.go:33] have no authority. redirect to index 
2017/03/14 15:45:44 [W] [main.go:33] have no authority. redirect to index 
2017/03/14 15:45:50 [D] [loginModels.go:17] get default theme. 
2017/03/14 16:47:17 [W] [main.go:33] have no authority. redirect to index 
2017/03/14 16:47:17 [W] [main.go:33] have no authority. redirect to index 
2017/03/14 16:47:23 [W] [main.go:33] have no authority. redirect to index 
2017/03/14 16:47:24 [W] [main.go:33] have no authority. redirect to index 
2017/03/14 16:47:29 [D] [loginModels.go:17] get default theme. 
2017/03/14 16:48:01 [D] [loginModels.go:17] get default theme. 
2017/03/14 16:50:56 [D] [loginModels.go:17] get default theme. 
2017/03/14 17:31:53 [D] [loginModels.go:17] get default theme. 
2017/03/14 17:38:38 [D] [loginModels.go:17] get default theme. 
2017/03/14 17:39:38 [D] [loginModels.go:17] get default theme. 
2017/03/14 17:39:42 [D] [loginModels.go:17] get default theme. 
2017/03/14 20:35:46 [D] [logs.go:158] init log, platform log dir is : C:/Users/hzwy23/Desktop/devops/log/hauth.log 
2017/03/14 20:43:38 [D] [loginModels.go:17] get default theme. 
2017/03/14 20:44:46 [D] [loginModels.go:17] get default theme. 
2017/03/14 20:46:49 [D] [loginModels.go:17] get default theme. 
2017/03/14 20:47:13 [D] [loginModels.go:17] get default theme. 
2017/03/14 20:47:51 [D] [loginModels.go:17] get default theme. 
2017/03/14 20:48:08 [D] [userRolesController.go:33]  
2017/03/14 20:48:23 [D] [loginModels.go:17] get default theme. 
2017/03/14 20:48:41 [D] [loginModels.go:17] get default theme. 
2017/03/14 20:48:55 [D] [loginModels.go:17] get default theme. 
2017/03/14 20:49:31 [D] [loginModels.go:17] get default theme. 
2017/03/14 20:49:40 [D] [loginModels.go:17] get default theme. 
2017/03/14 20:49:55 [D] [loginModels.go:17] get default theme. 
2017/03/14 20:49:59 [D] [loginModels.go:17] get default theme. 
2017/03/14 20:50:26 [D] [loginModels.go:17] get default theme. 
2017/03/14 20:50:36 [D] [loginModels.go:17] get default theme. 
2017/03/14 20:50:47 [D] [loginModels.go:17] get default theme. 
2017/03/14 20:50:51 [D] [loginModels.go:17] get default theme. 
2017/03/14 20:51:59 [D] [loginModels.go:17] get default theme. 
2017/03/14 20:52:08 [D] [loginModels.go:17] get default theme. 
2017/03/14 20:56:54 [D] [loginModels.go:17] get default theme. 
2017/03/14 20:58:20 [D] [loginModels.go:17] get default theme. 
2017/03/14 20:58:49 [D] [loginModels.go:17] get default theme. 
2017/03/14 20:59:05 [D] [loginModels.go:17] get default theme. 
2017/03/14 20:59:30 [D] [userRolesController.go:33]  
2017/03/14 20:59:39 [D] [loginModels.go:17] get default theme. 
2017/03/14 20:59:44 [D] [userRolesController.go:33]  
2017/03/14 21:00:21 [D] [loginModels.go:17] get default theme. 
2017/03/14 21:00:25 [D] [domainShareController.go:43] domain_id is : mas 
2017/03/14 21:00:33 [D] [loginModels.go:17] get default theme. 
2017/03/14 21:00:39 [D] [loginModels.go:17] get default theme. 
2017/03/14 21:01:16 [D] [loginModels.go:17] get default theme. 
2017/03/14 21:01:21 [D] [loginModels.go:17] get default theme. 
2017/03/14 21:01:30 [D] [loginModels.go:17] get default theme. 
2017/03/14 21:01:37 [D] [loginModels.go:17] get default theme. 
2017/03/14 21:03:41 [D] [loginModels.go:17] get default theme. 
2017/03/14 21:03:49 [D] [loginModels.go:17] get default theme. 
2017/03/14 21:03:57 [D] [loginModels.go:17] get default theme. 
2017/03/14 21:04:18 [D] [loginModels.go:17] get default theme. 
2017/03/14 21:04:29 [D] [loginModels.go:17] get default theme. 
2017/03/14 21:04:47 [D] [loginModels.go:17] get default theme. 
2017/03/14 21:05:55 [D] [loginModels.go:17] get default theme. 
2017/03/14 21:06:03 [D] [loginModels.go:17] get default theme. 
2017/03/14 21:09:45 [D] [loginModels.go:17] get default theme. 
2017/03/14 21:09:54 [D] [loginModels.go:17] get default theme. 
2017/03/14 21:09:59 [D] [loginModels.go:17] get default theme. 
2017/03/14 21:10:01 [D] [loginModels.go:17] get default theme. 
2017/03/14 21:10:34 [D] [loginModels.go:17] get default theme. 
2017/03/14 21:10:38 [D] [loginModels.go:17] get default theme. 
2017/03/14 21:11:30 [D] [loginModels.go:17] get default theme. 
2017/03/14 21:11:34 [D] [loginModels.go:17] get default theme. 
2017/03/14 21:11:43 [D] [loginModels.go:17] get default theme. 
2017/03/14 21:12:05 [D] [loginModels.go:17] get default theme. 
2017/03/14 21:12:12 [D] [loginModels.go:17] get default theme. 
2017/03/14 21:12:34 [D] [loginModels.go:17] get default theme. 
2017/03/14 21:13:00 [D] [loginModels.go:17] get default theme. 
2017/03/14 21:13:11 [D] [loginModels.go:17] get default theme. 
2017/03/14 21:13:16 [D] [loginModels.go:17] get default theme. 
2017/03/14 23:27:16 [D] [loginModels.go:17] get default theme. 
2017/03/14 23:27:44 [D] [loginModels.go:17] get default theme. 
2017/03/14 23:27:56 [D] [loginModels.go:17] get default theme. 
2017/03/14 23:28:00 [D] [domainShareController.go:43] domain_id is : mas 
2017/03/14 23:28:59 [D] [loginModels.go:17] get default theme. 
2017/03/14 23:29:25 [D] [loginModels.go:17] get default theme. 
2017/03/14 23:49:07 [D] [logs.go:158] init log, platform log dir is : C:/Users/hzwy23/Desktop/devops/log/hauth.log 
2017/03/15 00:02:28 [D] [logs.go:158] init log, platform log dir is : C:/Users/hzwy23/Desktop/devops/log/hauth.log 
2017/03/15 09:07:54 [D] [logs.go:158] init log, platform log dir is : C:/Users/hzwy23/Desktop/devops/log/hauth.log 
2017/03/15 09:08:51 [D] [loginModels.go:17] get default theme. 
2017/03/15 09:19:32 [E] [loginController.go:28] parase with claims failed. 
2017/03/15 09:24:47 [D] [loginModels.go:17] get default theme. 
2017/03/15 09:26:07 [D] [loginModels.go:17] get default theme. 
2017/03/15 09:40:22 [D] [loginModels.go:17] get default theme. 
2017/03/15 09:40:39 [E] [loginController.go:28] parase with claims failed. 
2017/03/15 09:40:48 [D] [loginModels.go:17] get default theme. 
2017/03/15 09:41:34 [D] [loginModels.go:17] get default theme. 
2017/03/15 09:42:49 [D] [loginModels.go:17] get default theme. 
2017/03/15 09:42:51 [D] [loginModels.go:17] get default theme. 
2017/03/15 09:42:56 [D] [loginModels.go:17] get default theme. 
2017/03/15 09:43:12 [D] [loginModels.go:17] get default theme. 
2017/03/15 09:43:19 [D] [loginModels.go:17] get default theme. 
2017/03/15 09:43:30 [D] [loginModels.go:17] get default theme. 
2017/03/15 09:46:17 [D] [loginModels.go:17] get default theme. 
2017/03/15 09:46:23 [D] [loginModels.go:17] get default theme. 
2017/03/15 09:46:39 [D] [loginModels.go:17] get default theme. 
2017/03/15 09:46:53 [D] [loginModels.go:17] get default theme. 
2017/03/15 09:47:12 [D] [loginModels.go:17] get default theme. 
2017/03/15 09:47:24 [D] [loginModels.go:17] get default theme. 
2017/03/15 09:47:34 [D] [loginModels.go:17] get default theme. 
2017/03/15 09:47:58 [D] [loginModels.go:17] get default theme. 
2017/03/15 09:48:04 [D] [loginModels.go:17] get default theme. 
2017/03/15 09:48:19 [D] [loginModels.go:17] get default theme. 
2017/03/15 09:49:36 [D] [loginModels.go:17] get default theme. 
2017/03/15 09:49:56 [D] [loginModels.go:17] get default theme. 
2017/03/15 09:50:17 [D] [loginModels.go:17] get default theme. 
2017/03/15 09:50:47 [D] [loginModels.go:17] get default theme. 
2017/03/15 09:51:44 [D] [loginModels.go:17] get default theme. 
2017/03/15 09:52:20 [D] [loginModels.go:17] get default theme. 
2017/03/15 09:52:34 [D] [userRolesController.go:33]  
2017/03/15 09:53:07 [D] [loginModels.go:17] get default theme. 
2017/03/15 09:53:22 [D] [loginModels.go:17] get default theme. 
2017/03/15 09:54:14 [D] [loginModels.go:17] get default theme. 
2017/03/15 09:54:22 [D] [loginModels.go:17] get default theme. 
2017/03/15 09:54:30 [D] [loginModels.go:17] get default theme. 
2017/03/15 09:54:40 [D] [loginModels.go:17] get default theme. 
2017/03/15 09:54:51 [D] [loginModels.go:17] get default theme. 
2017/03/15 09:54:59 [D] [loginModels.go:17] get default theme. 
2017/03/15 09:59:00 [D] [loginModels.go:17] get default theme. 
2017/03/15 10:02:51 [D] [loginModels.go:17] get default theme. 
2017/03/15 10:03:08 [D] [loginModels.go:17] get default theme. 
2017/03/15 10:03:10 [D] [loginModels.go:17] get default theme. 
2017/03/15 10:03:37 [D] [loginModels.go:17] get default theme. 
2017/03/15 10:04:34 [D] [loginModels.go:17] get default theme. 
2017/03/15 10:08:11 [D] [loginModels.go:17] get default theme. 
2017/03/15 10:08:24 [D] [userRolesController.go:33]  
2017/03/15 10:08:31 [D] [loginModels.go:17] get default theme. 
2017/03/15 10:11:52 [D] [loginModels.go:17] get default theme. 
2017/03/15 10:12:05 [D] [userRolesController.go:33]  
2017/03/15 10:12:18 [D] [loginModels.go:17] get default theme. 
2017/03/15 10:20:28 [D] [loginModels.go:17] get default theme. 
2017/03/15 10:20:49 [D] [loginModels.go:17] get default theme. 
2017/03/15 10:20:55 [D] [loginModels.go:17] get default theme. 
2017/03/15 10:22:28 [D] [loginModels.go:17] get default theme. 
2017/03/15 10:23:00 [D] [loginModels.go:17] get default theme. 
2017/03/15 10:28:11 [D] [loginModels.go:17] get default theme. 
2017/03/15 10:30:25 [D] [loginModels.go:17] get default theme. 
2017/03/15 10:30:58 [D] [loginModels.go:17] get default theme. 
2017/03/15 10:32:30 [D] [loginModels.go:17] get default theme. 
2017/03/15 10:32:34 [D] [loginModels.go:17] get default theme. 
2017/03/15 10:32:38 [D] [loginModels.go:17] get default theme. 
2017/03/15 10:35:05 [D] [loginModels.go:17] get default theme. 
2017/03/15 10:40:20 [D] [loginModels.go:17] get default theme. 
2017/03/15 10:40:24 [D] [loginModels.go:17] get default theme. 
2017/03/15 10:40:37 [D] [userRolesController.go:33]  
2017/03/15 10:42:42 [D] [loginModels.go:17] get default theme. 
2017/03/15 10:46:06 [D] [loginModels.go:17] get default theme. 
2017/03/15 10:46:40 [D] [loginModels.go:17] get default theme. 
2017/03/15 10:47:08 [D] [domainShareController.go:43] domain_id is : vertex_root 
2017/03/15 10:47:08 [E] [checkUserModels.go:71] sql: no rows in result set 
2017/03/15 10:47:08 [E] [domainShareController.go:58] <nil> 
2017/03/15 10:47:11 [D] [domainShareController.go:43] domain_id is : test 
2017/03/15 11:06:12 [D] [loginModels.go:17] get default theme. 
2017/03/15 11:06:24 [D] [loginModels.go:17] get default theme. 
2017/03/15 11:07:02 [D] [loginModels.go:17] get default theme. 
2017/03/15 11:08:27 [D] [loginModels.go:17] get default theme. 
2017/03/15 11:09:38 [D] [loginModels.go:17] get default theme. 
2017/03/15 11:10:22 [D] [loginModels.go:17] get default theme. 
2017/03/15 11:12:19 [D] [loginModels.go:17] get default theme. 
2017/03/15 11:13:31 [D] [loginModels.go:17] get default theme. 
2017/03/15 11:14:32 [D] [loginModels.go:17] get default theme. 
2017/03/15 11:15:34 [D] [loginModels.go:17] get default theme. 
2017/03/15 11:25:14 [D] [loginModels.go:17] get default theme. 
2017/03/15 11:28:06 [D] [loginModels.go:17] get default theme. 
2017/03/15 11:28:08 [D] [loginModels.go:17] get default theme. 
2017/03/15 11:28:25 [D] [loginModels.go:17] get default theme. 
2017/03/15 11:28:32 [D] [loginModels.go:17] get default theme. 
2017/03/15 11:28:40 [D] [loginModels.go:17] get default theme. 
2017/03/15 12:33:36 [D] [loginModels.go:17] get default theme. 
2017/03/15 12:33:49 [D] [loginModels.go:17] get default theme. 
2017/03/15 12:33:52 [D] [loginModels.go:17] get default theme. 
2017/03/15 12:35:41 [D] [loginModels.go:17] get default theme. 
2017/03/15 12:41:45 [D] [loginModels.go:17] get default theme. 
2017/03/15 12:41:48 [D] [loginModels.go:17] get default theme. 
2017/03/15 12:41:56 [D] [loginModels.go:17] get default theme. 
2017/03/15 12:42:31 [D] [loginModels.go:17] get default theme. 
2017/03/15 12:43:33 [D] [loginModels.go:17] get default theme. 
2017/03/15 12:43:38 [D] [loginModels.go:17] get default theme. 
2017/03/15 12:43:46 [D] [loginModels.go:17] get default theme. 
2017/03/15 12:58:38 [D] [loginModels.go:17] get default theme. 
2017/03/15 12:59:45 [D] [loginModels.go:17] get default theme. 
2017/03/15 13:01:42 [D] [loginModels.go:17] get default theme. 
2017/03/15 13:05:26 [D] [loginModels.go:17] get default theme. 
2017/03/15 13:05:31 [D] [loginModels.go:17] get default theme. 
2017/03/15 13:07:42 [D] [loginModels.go:17] get default theme. 
2017/03/15 13:14:48 [D] [loginModels.go:17] get default theme. 
2017/03/15 13:14:52 [D] [loginModels.go:17] get default theme. 
2017/03/15 13:14:57 [D] [loginModels.go:17] get default theme. 
2017/03/15 13:17:04 [D] [loginModels.go:17] get default theme. 
2017/03/15 13:21:43 [D] [loginModels.go:17] get default theme. 
2017/03/15 13:21:45 [D] [loginModels.go:17] get default theme. 
2017/03/15 13:22:19 [D] [loginModels.go:17] get default theme. 
2017/03/15 13:22:21 [D] [loginModels.go:17] get default theme. 
2017/03/15 13:24:16 [D] [loginModels.go:17] get default theme. 
2017/03/15 13:24:17 [D] [loginModels.go:17] get default theme. 
2017/03/15 13:24:17 [D] [loginModels.go:17] get default theme. 
2017/03/15 13:24:38 [D] [loginModels.go:17] get default theme. 
2017/03/15 13:27:02 [D] [loginModels.go:17] get default theme. 
2017/03/15 13:28:06 [D] [loginModels.go:17] get default theme. 
2017/03/15 13:28:07 [D] [loginModels.go:17] get default theme. 
2017/03/15 13:28:18 [D] [loginModels.go:17] get default theme. 
2017/03/15 13:28:19 [D] [loginModels.go:17] get default theme. 
2017/03/15 13:28:47 [D] [loginModels.go:17] get default theme. 
2017/03/15 13:28:49 [D] [loginModels.go:17] get default theme. 
2017/03/15 13:29:16 [D] [loginModels.go:17] get default theme. 
2017/03/15 13:30:17 [D] [loginModels.go:17] get default theme. 
2017/03/15 13:30:20 [D] [loginModels.go:17] get default theme. 
2017/03/15 13:31:13 [D] [loginModels.go:17] get default theme. 
2017/03/15 13:33:28 [D] [loginModels.go:17] get default theme. 
2017/03/15 13:36:19 [D] [loginModels.go:17] get default theme. 
2017/03/15 13:36:50 [D] [loginModels.go:17] get default theme. 
2017/03/15 13:37:01 [D] [loginModels.go:17] get default theme. 
2017/03/15 13:37:18 [D] [loginModels.go:17] get default theme. 
2017/03/15 13:37:42 [D] [loginModels.go:17] get default theme. 
2017/03/15 13:37:50 [D] [domainShareController.go:43] domain_id is : mas 
2017/03/15 13:38:47 [D] [loginModels.go:17] get default theme. 
2017/03/15 13:39:00 [D] [loginModels.go:17] get default theme. 
2017/03/15 13:39:18 [D] [loginModels.go:17] get default theme. 
2017/03/15 13:40:20 [D] [loginModels.go:17] get default theme. 
2017/03/15 13:46:27 [D] [loginModels.go:17] get default theme. 
2017/03/15 14:39:41 [D] [loginModels.go:17] get default theme. 
2017/03/15 14:40:21 [D] [loginModels.go:17] get default theme. 
2017/03/15 14:40:53 [D] [loginModels.go:17] get default theme. 
2017/03/15 14:41:01 [D] [loginModels.go:17] get default theme. 
2017/03/15 14:41:09 [D] [loginModels.go:17] get default theme. 
2017/03/15 14:41:51 [D] [loginModels.go:17] get default theme. 
2017/03/15 14:41:56 [D] [loginModels.go:17] get default theme. 
2017/03/15 14:41:59 [D] [loginModels.go:17] get default theme. 
2017/03/15 14:48:27 [D] [domainShareController.go:43] domain_id is : mas 
2017/03/15 14:48:36 [D] [loginModels.go:17] get default theme. 
2017/03/15 14:48:40 [D] [userRolesController.go:33]  
2017/03/15 14:52:09 [D] [loginModels.go:17] get default theme. 
2017/03/15 14:52:15 [D] [loginModels.go:17] get default theme. 
2017/03/15 14:53:12 [D] [loginModels.go:17] get default theme. 
2017/03/15 14:53:15 [D] [loginModels.go:17] get default theme. 
2017/03/15 14:53:28 [D] [loginModels.go:17] get default theme. 
2017/03/15 14:53:43 [D] [loginModels.go:17] get default theme. 
2017/03/15 14:53:56 [D] [loginModels.go:17] get default theme. 
2017/03/15 14:54:18 [D] [domainShareController.go:43] domain_id is : vertex_root 
2017/03/15 14:54:26 [D] [loginModels.go:17] get default theme. 
2017/03/15 15:06:23 [D] [logs.go:158] init log, platform log dir is : C:/Users/hzwy23/Desktop/devops/log/hauth.log 
2017/03/15 15:06:59 [D] [loginModels.go:17] get default theme. 
2017/03/15 15:07:28 [D] [loginModels.go:17] get default theme. 
2017/03/15 15:07:47 [D] [loginModels.go:17] get default theme. 
2017/03/15 15:07:49 [D] [loginModels.go:17] get default theme. 
2017/03/15 15:08:11 [D] [loginModels.go:17] get default theme. 
2017/03/15 15:16:45 [D] [loginModels.go:17] get default theme. 
2017/03/15 15:16:48 [D] [loginModels.go:17] get default theme. 
2017/03/15 15:18:49 [D] [loginModels.go:17] get default theme. 
2017/03/15 15:18:52 [D] [loginModels.go:17] get default theme. 
2017/03/15 15:19:25 [D] [loginModels.go:17] get default theme. 
2017/03/15 15:19:28 [D] [loginModels.go:17] get default theme. 
2017/03/15 16:43:47 [D] [logs.go:158] init log, platform log dir is : C:/Users/hzwy23/Desktop/devops/log/hauth.log 
2017/03/15 16:43:56 [D] [loginModels.go:17] get default theme. 
2017/03/15 16:44:00 [D] [loginModels.go:17] get default theme. 
2017/03/15 16:44:06 [D] [loginModels.go:17] get default theme. 
2017/03/15 17:25:09 [D] [logs.go:158] init log, platform log dir is : C:/Users/hzwy23/Desktop/devops/log/hauth.log 
2017/03/15 17:52:04 [D] [logs.go:158] init log, platform log dir is : C:/Users/hzwy23/Desktop/devops/log/hauth.log 
2017/03/15 20:09:59 [D] [logs.go:158] init log, platform log dir is : C:/Users/hzwy23/Desktop/devops/log/hauth.log 
2017/03/15 20:21:38 [D] [loginModels.go:17] get default theme. 
2017/03/15 20:21:40 [D] [loginModels.go:17] get default theme. 
2017/03/15 20:34:02 [D] [loginModels.go:17] get default theme. 
2017/03/15 20:34:19 [D] [loginModels.go:17] get default theme. 
2017/03/15 20:34:21 [D] [loginModels.go:17] get default theme. 
2017/03/15 20:34:58 [D] [loginModels.go:17] get default theme. 
2017/03/15 20:35:56 [D] [loginModels.go:17] get default theme. 
2017/03/15 20:36:12 [E] [loginController.go:61]   用户没有指定的域 sql: no rows in result set 
2017/03/15 20:36:15 [E] [loginController.go:61]   用户没有指定的域 sql: no rows in result set 
2017/03/15 20:42:18 [D] [loginModels.go:17] get default theme. 
2017/03/15 20:46:00 [D] [loginModels.go:17] get default theme. 
2017/03/15 20:46:44 [D] [loginModels.go:17] get default theme. 
2017/03/15 20:51:13 [D] [loginModels.go:17] get default theme. 
2017/03/15 21:00:21 [D] [loginModels.go:17] get default theme. 
2017/03/15 22:52:07 [D] [loginModels.go:17] get default theme. 
2017/03/15 22:52:13 [D] [loginModels.go:17] get default theme. 
2017/03/15 22:54:07 [D] [loginModels.go:17] get default theme. 
2017/03/15 22:54:32 [D] [loginModels.go:17] get default theme. 
2017/03/15 22:54:37 [D] [loginModels.go:17] get default theme. 
2017/03/15 22:54:47 [D] [userRolesController.go:33]  
2017/03/15 22:54:49 [D] [userRolesController.go:33] demo 
2017/03/15 22:54:49 [D] [userRolesController.go:33] test1 
2017/03/15 22:54:49 [D] [userRolesController.go:33] test10 
2017/03/15 23:07:53 [D] [loginModels.go:17] get default theme. 
2017/03/15 23:07:57 [D] [loginModels.go:17] get default theme. 
2017/03/15 23:09:35 [D] [loginModels.go:17] get default theme. 
2017/03/15 23:10:15 [D] [loginModels.go:17] get default theme. 
2017/03/15 23:10:19 [D] [loginModels.go:17] get default theme. 
2017/03/15 23:10:26 [D] [loginModels.go:17] get default theme. 
2017/03/15 23:11:06 [D] [loginModels.go:17] get default theme. 
2017/03/15 23:11:08 [D] [loginModels.go:17] get default theme. 
2017/03/15 23:13:29 [D] [loginModels.go:17] get default theme. 
2017/03/15 23:13:32 [D] [loginModels.go:17] get default theme. 
2017/03/15 23:13:39 [D] [loginModels.go:17] get default theme. 
2017/03/15 23:14:06 [D] [loginModels.go:17] get default theme. 
2017/03/15 23:14:09 [D] [loginModels.go:17] get default theme. 
2017/03/15 23:14:14 [D] [loginModels.go:17] get default theme. 
2017/03/15 23:14:19 [D] [loginModels.go:17] get default theme. 
2017/03/15 23:14:25 [D] [loginModels.go:17] get default theme. 
2017/03/15 23:15:00 [D] [loginModels.go:17] get default theme. 
2017/03/15 23:16:29 [D] [loginModels.go:17] get default theme. 
2017/03/15 23:16:34 [D] [loginModels.go:17] get default theme. 
2017/03/15 23:16:44 [D] [loginModels.go:17] get default theme. 
2017/03/15 23:16:51 [D] [loginModels.go:17] get default theme. 
2017/03/15 23:16:58 [D] [loginModels.go:17] get default theme. 
2017/03/15 23:17:09 [D] [loginModels.go:17] get default theme. 
2017/03/15 23:17:20 [D] [loginModels.go:17] get default theme. 
2017/03/15 23:17:32 [D] [loginModels.go:17] get default theme. 
2017/03/15 23:17:57 [D] [loginModels.go:17] get default theme. 
2017/03/15 23:18:00 [D] [loginModels.go:17] get default theme. 
2017/03/15 23:18:05 [D] [loginModels.go:17] get default theme. 
2017/03/15 23:18:10 [D] [loginModels.go:17] get default theme. 
2017/03/15 23:18:17 [D] [loginModels.go:17] get default theme. 
2017/03/15 23:18:31 [D] [loginModels.go:17] get default theme. 
2017/03/15 23:18:48 [D] [loginModels.go:17] get default theme. 
2017/03/15 23:18:52 [D] [loginModels.go:17] get default theme. 
2017/03/15 23:19:07 [D] [loginModels.go:17] get default theme. 
2017/03/15 23:19:16 [D] [loginModels.go:17] get default theme. 
2017/03/15 23:22:15 [D] [loginModels.go:17] get default theme. 
2017/03/15 23:22:37 [D] [loginModels.go:17] get default theme. 
2017/03/15 23:22:41 [D] [loginModels.go:17] get default theme. 
2017/03/15 23:22:48 [D] [loginModels.go:17] get default theme. 
2017/03/15 23:22:57 [D] [loginModels.go:17] get default theme. 
2017/03/15 23:23:46 [D] [loginModels.go:17] get default theme. 
2017/03/15 23:24:13 [D] [loginModels.go:17] get default theme. 
2017/03/15 23:27:57 [D] [logs.go:158] init log, platform log dir is : C:/Users/hzwy23/Desktop/devops/log/hauth.log 
2017/03/15 23:28:11 [D] [loginModels.go:17] get default theme. 
2017/03/15 23:28:17 [D] [loginModels.go:17] get default theme. 
2017/03/15 23:28:19 [D] [loginModels.go:17] get default theme. 
2017/03/15 23:28:35 [D] [loginModels.go:17] get default theme. 
2017/03/15 23:29:04 [D] [loginModels.go:17] get default theme. 
2017/03/15 23:29:13 [D] [loginModels.go:17] get default theme. 
2017/03/15 23:29:26 [D] [loginModels.go:17] get default theme. 
2017/03/15 23:29:53 [D] [loginModels.go:17] get default theme. 
2017/03/15 23:29:55 [D] [loginModels.go:17] get default theme. 
2017/03/15 23:30:17 [D] [loginModels.go:17] get default theme. 
2017/03/15 23:31:12 [D] [loginModels.go:17] get default theme. 
2017/03/15 23:31:35 [D] [loginModels.go:17] get default theme. 
2017/03/15 23:31:53 [D] [loginModels.go:17] get default theme. 
2017/03/15 23:32:25 [D] [loginModels.go:17] get default theme. 
2017/03/15 23:32:47 [D] [loginModels.go:17] get default theme. 
2017/03/15 23:33:03 [D] [loginModels.go:17] get default theme. 
2017/03/15 23:33:39 [D] [loginModels.go:17] get default theme. 
2017/03/15 23:33:48 [D] [loginModels.go:17] get default theme. 
2017/03/15 23:34:16 [D] [loginModels.go:17] get default theme. 
2017/03/15 23:36:28 [D] [loginModels.go:17] get default theme. 
2017/03/15 23:37:20 [D] [loginModels.go:17] get default theme. 
2017/03/15 23:37:33 [D] [loginModels.go:17] get default theme. 
2017/03/15 23:38:34 [D] [loginModels.go:17] get default theme. 
2017/03/15 23:38:52 [D] [loginModels.go:17] get default theme. 
2017/03/15 23:43:05 [D] [loginModels.go:17] get default theme. 
2017/03/15 23:43:39 [D] [loginModels.go:17] get default theme. 
2017/03/15 23:46:53 [D] [loginModels.go:17] get default theme. 
2017/03/15 23:50:23 [D] [loginModels.go:17] get default theme. 
2017/03/15 23:50:57 [D] [loginModels.go:17] get default theme. 
2017/03/15 23:53:27 [D] [loginModels.go:17] get default theme. 
2017/03/15 23:55:19 [D] [loginModels.go:17] get default theme. 
2017/03/15 23:55:47 [D] [loginModels.go:17] get default theme. 
2017/03/15 23:55:49 [D] [loginModels.go:17] get default theme. 
2017/03/15 23:56:04 [D] [loginModels.go:17] get default theme. 
2017/03/15 23:56:25 [D] [loginModels.go:17] get default theme. 
2017/03/15 23:57:07 [D] [loginModels.go:17] get default theme. 
2017/03/15 23:57:45 [D] [loginModels.go:17] get default theme. 
2017/03/15 23:58:29 [D] [loginModels.go:17] get default theme. 
