2017/03/16 00:01:04 [D] [loginModels.go:17] get default theme. 
2017/03/16 00:06:43 [D] [loginModels.go:17] get default theme. 
2017/03/16 00:08:39 [D] [loginModels.go:17] get default theme. 
2017/03/16 00:09:03 [D] [loginModels.go:17] get default theme. 
2017/03/16 00:10:28 [D] [loginModels.go:17] get default theme. 
2017/03/16 00:11:48 [D] [loginModels.go:17] get default theme. 
2017/03/16 00:12:21 [D] [loginModels.go:17] get default theme. 
2017/03/16 00:13:17 [D] [loginModels.go:17] get default theme. 
2017/03/16 00:14:13 [D] [loginModels.go:17] get default theme. 
2017/03/16 00:16:45 [D] [loginModels.go:17] get default theme. 
2017/03/16 00:20:08 [D] [loginModels.go:17] get default theme. 
2017/03/16 00:20:12 [D] [loginModels.go:17] get default theme. 
2017/03/16 00:20:18 [D] [loginModels.go:17] get default theme. 
2017/03/16 00:21:38 [D] [loginModels.go:17] get default theme. 
2017/03/16 00:21:41 [D] [loginModels.go:17] get default theme. 
2017/03/16 00:21:43 [D] [loginModels.go:17] get default theme. 
2017/03/16 00:21:48 [D] [loginModels.go:17] get default theme. 
2017/03/16 00:22:19 [D] [loginModels.go:17] get default theme. 
2017/03/16 00:22:23 [D] [loginModels.go:17] get default theme. 
2017/03/16 00:22:28 [D] [loginModels.go:17] get default theme. 
2017/03/16 00:22:43 [D] [loginModels.go:17] get default theme. 
2017/03/16 00:22:51 [D] [loginModels.go:17] get default theme. 
2017/03/16 00:23:40 [D] [loginModels.go:17] get default theme. 
2017/03/16 00:23:42 [D] [loginModels.go:17] get default theme. 
2017/03/16 00:24:12 [D] [loginModels.go:17] get default theme. 
2017/03/16 00:24:26 [D] [loginModels.go:17] get default theme. 
2017/03/16 00:25:13 [D] [loginModels.go:17] get default theme. 
2017/03/16 00:25:27 [D] [loginModels.go:17] get default theme. 
2017/03/16 00:25:51 [D] [loginModels.go:17] get default theme. 
2017/03/16 00:26:29 [D] [loginModels.go:17] get default theme. 
2017/03/16 00:42:32 [D] [loginModels.go:17] get default theme. 
2017/03/16 00:47:53 [D] [loginModels.go:17] get default theme. 
2017/03/16 00:48:58 [D] [loginModels.go:17] get default theme. 
2017/03/16 00:50:39 [D] [loginModels.go:17] get default theme. 
2017/03/16 00:51:40 [D] [loginModels.go:17] get default theme. 
2017/03/16 00:51:41 [D] [loginModels.go:17] get default theme. 
2017/03/16 00:52:38 [D] [loginModels.go:17] get default theme. 
2017/03/16 00:53:04 [D] [loginModels.go:17] get default theme. 
2017/03/16 00:54:09 [D] [loginModels.go:17] get default theme. 
2017/03/16 00:54:26 [D] [loginModels.go:17] get default theme. 
2017/03/16 00:54:55 [D] [loginModels.go:17] get default theme. 
2017/03/16 00:55:18 [D] [loginModels.go:17] get default theme. 
2017/03/16 00:55:41 [D] [loginModels.go:17] get default theme. 
2017/03/16 00:56:02 [D] [loginModels.go:17] get default theme. 
2017/03/16 00:56:33 [D] [loginModels.go:17] get default theme. 
2017/03/16 00:56:56 [D] [loginModels.go:17] get default theme. 
2017/03/16 00:57:13 [D] [loginModels.go:17] get default theme. 
2017/03/16 00:57:47 [D] [loginModels.go:17] get default theme. 
2017/03/16 00:58:03 [D] [loginModels.go:17] get default theme. 
2017/03/16 00:58:07 [D] [loginModels.go:17] get default theme. 
2017/03/16 00:58:20 [D] [loginModels.go:17] get default theme. 
2017/03/16 00:58:43 [D] [loginModels.go:17] get default theme. 
2017/03/16 08:56:36 [D] [logs.go:158] init log, platform log dir is : C:/Users/hzwy23/Desktop/devops/log/hauth.log 
2017/03/16 08:56:44 [D] [loginModels.go:17] get default theme. 
2017/03/16 08:59:19 [D] [loginModels.go:17] get default theme. 
2017/03/16 09:01:22 [D] [loginModels.go:17] get default theme. 
2017/03/16 09:02:47 [D] [loginModels.go:17] get default theme. 
2017/03/16 09:10:54 [D] [loginModels.go:17] get default theme. 
2017/03/16 09:14:42 [D] [loginModels.go:17] get default theme. 
2017/03/16 09:25:25 [D] [loginModels.go:17] get default theme. 
2017/03/16 09:25:53 [D] [loginModels.go:17] get default theme. 
2017/03/16 09:46:34 [D] [loginModels.go:17] get default theme. 
2017/03/16 09:47:29 [D] [loginModels.go:17] get default theme. 
2017/03/16 09:48:10 [D] [loginModels.go:17] get default theme. 
2017/03/16 09:48:20 [D] [loginModels.go:17] get default theme. 
2017/03/16 09:49:36 [D] [loginModels.go:17] get default theme. 
2017/03/16 09:50:46 [D] [loginModels.go:17] get default theme. 
2017/03/16 09:51:30 [D] [loginModels.go:17] get default theme. 
2017/03/16 09:52:00 [D] [loginModels.go:17] get default theme. 
2017/03/16 09:52:34 [D] [loginModels.go:17] get default theme. 
2017/03/16 09:53:21 [D] [loginModels.go:17] get default theme. 
2017/03/16 12:33:12 [D] [logs.go:158] init log, platform log dir is : C:/Users/hzwy23/Desktop/devops/log/hauth.log 
2017/03/16 13:55:48 [D] [logs.go:158] init log, platform log dir is : C:/Users/hzwy23/Desktop/devops/log/hauth.log 
2017/03/16 13:56:02 [D] [loginModels.go:17] get default theme. 
2017/03/16 13:56:05 [D] [loginModels.go:17] get default theme. 
2017/03/16 13:56:12 [D] [loginModels.go:17] get default theme. 
2017/03/16 13:57:25 [D] [loginModels.go:17] get default theme. 
2017/03/16 13:57:30 [D] [loginModels.go:17] get default theme. 
2017/03/16 13:57:52 [D] [loginModels.go:17] get default theme. 
2017/03/16 13:58:09 [D] [loginModels.go:17] get default theme. 
2017/03/16 14:23:53 [D] [loginModels.go:17] get default theme. 
2017/03/16 14:25:34 [D] [loginModels.go:17] get default theme. 
2017/03/16 14:26:43 [D] [loginModels.go:17] get default theme. 
2017/03/16 15:08:12 [D] [logs.go:158] init log, platform log dir is : C:/Users/hzwy23/Desktop/devops/log/hauth.log 
2017/03/16 15:08:21 [W] [main.go:56] have no authority. redirect to index 
2017/03/16 15:08:26 [D] [loginModels.go:17] get default theme. 
2017/03/16 15:19:23 [D] [logs.go:158] init log, platform log dir is : C:/Users/hzwy23/Desktop/devops/log/hauth.log 
2017/03/16 15:21:31 [D] [logs.go:158] init log, platform log dir is : C:/Users/hzwy23/Desktop/devops/log/hauth.log 
2017/03/16 15:22:24 [D] [logs.go:158] init log, platform log dir is : C:/Users/hzwy23/Desktop/devops/log/hauth.log 
2017/03/16 15:29:00 [D] [logs.go:158] init log, platform log dir is : C:/Users/hzwy23/Desktop/devops/log/hauth.log 
2017/03/16 15:29:08 [E] [checkUserModels.go:71] sql: no rows in result set 
2017/03/16 15:38:03 [D] [logs.go:158] init log, platform log dir is : C:/Users/hzwy23/Desktop/devops/log/hauth.log 
2017/03/16 15:38:07 [E] [checkUserModels.go:71] sql: no rows in result set 
2017/03/16 15:38:51 [D] [logs.go:158] init log, platform log dir is : C:/Users/hzwy23/Desktop/devops/log/hauth.log 
2017/03/16 15:39:23 [D] [logs.go:158] init log, platform log dir is : C:/Users/hzwy23/Desktop/devops/log/hauth.log 
2017/03/16 16:02:25 [D] [logs.go:158] init log, platform log dir is : C:/Users/hzwy23/Desktop/devops/log/hauth.log 
2017/03/16 16:03:31 [D] [logs.go:158] init log, platform log dir is : C:/Users/hzwy23/Desktop/devops/log/hauth.log 
2017/03/16 16:04:23 [D] [logs.go:158] init log, platform log dir is : C:/Users/hzwy23/Desktop/devops/log/hauth.log 
2017/03/16 16:06:16 [D] [logs.go:158] init log, platform log dir is : C:/Users/hzwy23/Desktop/devops/log/hauth.log 
2017/03/16 16:07:02 [D] [logs.go:158] init log, platform log dir is : C:/Users/hzwy23/Desktop/devops/log/hauth.log 
2017/03/16 16:07:50 [D] [logs.go:158] init log, platform log dir is : C:/Users/hzwy23/Desktop/devops/log/hauth.log 
2017/03/16 16:08:28 [D] [logs.go:158] init log, platform log dir is : C:/Users/hzwy23/Desktop/devops/log/hauth.log 
2017/03/16 16:08:30 [W] [main.go:56] have no authority. redirect to index 
2017/03/16 16:08:42 [D] [loginModels.go:17] get default theme. 
2017/03/16 16:10:17 [D] [logs.go:158] init log, platform log dir is : C:/Users/hzwy23/Desktop/devops/log/hauth.log 
2017/03/16 16:12:14 [D] [logs.go:158] init log, platform log dir is : C:/Users/hzwy23/Desktop/devops/log/hauth.log 
2017/03/16 16:13:10 [D] [logs.go:158] init log, platform log dir is : C:/Users/hzwy23/Desktop/devops/log/hauth.log 
2017/03/16 16:13:36 [D] [logs.go:158] init log, platform log dir is : C:/Users/hzwy23/Desktop/devops/log/hauth.log 
2017/03/16 16:17:09 [D] [logs.go:158] init log, platform log dir is : C:/Users/hzwy23/Desktop/devops/log/hauth.log 
2017/03/16 16:51:48 [D] [logs.go:158] init log, platform log dir is : C:/Users/hzwy23/Desktop/devops/log/hauth.log 
2017/03/16 16:52:01 [E] [ftpRulesController.go:49] Error 1052: Column 'domain_id' in where clause is ambiguous 
2017/03/16 16:52:20 [E] [ftpRulesController.go:49] Error 1052: Column 'domain_id' in where clause is ambiguous 
2017/03/16 16:52:50 [D] [logs.go:158] init log, platform log dir is : C:/Users/hzwy23/Desktop/devops/log/hauth.log 
2017/03/16 17:09:02 [D] [logs.go:158] init log, platform log dir is : C:/Users/hzwy23/Desktop/devops/log/hauth.log 
2017/03/16 17:09:16 [W] [main.go:56] have no authority. redirect to index 
2017/03/16 17:09:21 [D] [loginModels.go:17] get default theme. 
2017/03/16 17:29:30 [D] [logs.go:158] init log, platform log dir is : C:/Users/hzwy23/Desktop/devops/log/hauth.log 
2017/03/16 18:57:29 [D] [logs.go:158] init log, platform log dir is : C:/Users/hzwy23/Desktop/devops/log/hauth.log 
2017/03/16 18:57:52 [D] [loginModels.go:17] get default theme. 
2017/03/17 09:13:38 [D] [logs.go:158] init log, platform log dir is : C:/Users/hzwy23/Desktop/devops/log/hauth.log 
2017/03/17 09:14:01 [D] [loginModels.go:17] get default theme. 
2017/03/17 09:15:00 [D] [loginModels.go:17] get default theme. 
2017/03/17 09:17:39 [E] [loginController.go:61] caadmin  用户没有指定的域 sql: no rows in result set 
2017/03/17 09:17:43 [D] [loginModels.go:17] get default theme. 
2017/03/17 09:20:11 [D] [loginModels.go:17] get default theme. 
2017/03/17 09:20:28 [D] [loginModels.go:17] get default theme. 
2017/03/17 09:22:20 [D] [loginModels.go:17] get default theme. 
2017/03/17 09:25:04 [D] [loginModels.go:17] get default theme. 
2017/03/17 09:25:10 [D] [loginModels.go:17] get default theme. 
2017/03/17 09:25:14 [D] [loginModels.go:17] get default theme. 
2017/03/17 09:25:33 [D] [loginModels.go:17] get default theme. 
2017/03/17 09:25:57 [D] [loginModels.go:17] get default theme. 
2017/03/17 09:26:16 [D] [loginModels.go:17] get default theme. 
2017/03/17 09:26:47 [D] [loginModels.go:17] get default theme. 
2017/03/17 09:27:47 [D] [loginModels.go:17] get default theme. 
2017/03/17 09:28:33 [D] [loginModels.go:17] get default theme. 
2017/03/17 09:28:42 [D] [loginModels.go:17] get default theme. 
2017/03/17 09:28:47 [D] [loginModels.go:17] get default theme. 
2017/03/17 09:28:55 [D] [loginModels.go:17] get default theme. 
2017/03/17 09:32:34 [D] [loginModels.go:17] get default theme. 
2017/03/17 09:32:39 [D] [loginModels.go:17] get default theme. 
2017/03/17 09:32:59 [D] [loginModels.go:17] get default theme. 
2017/03/17 09:38:32 [D] [loginModels.go:17] get default theme. 
2017/03/17 09:40:30 [D] [loginModels.go:17] get default theme. 
2017/03/17 09:41:11 [D] [loginModels.go:17] get default theme. 
2017/03/17 09:41:17 [D] [loginModels.go:17] get default theme. 
2017/03/17 09:41:47 [D] [loginModels.go:17] get default theme. 
2017/03/17 09:41:48 [D] [loginModels.go:17] get default theme. 
2017/03/17 09:41:52 [D] [loginModels.go:17] get default theme. 
2017/03/17 09:42:15 [D] [loginModels.go:17] get default theme. 
2017/03/17 09:42:22 [D] [loginModels.go:17] get default theme. 
2017/03/17 09:42:31 [D] [loginModels.go:17] get default theme. 
2017/03/17 09:44:26 [D] [loginModels.go:17] get default theme. 
2017/03/17 09:44:29 [D] [loginModels.go:17] get default theme. 
2017/03/17 09:44:32 [D] [loginModels.go:17] get default theme. 
2017/03/17 09:44:35 [D] [loginModels.go:17] get default theme. 
2017/03/17 09:44:58 [D] [loginModels.go:17] get default theme. 
2017/03/17 09:45:03 [D] [loginModels.go:17] get default theme. 
2017/03/17 09:45:28 [D] [loginModels.go:17] get default theme. 
2017/03/17 09:45:32 [D] [loginModels.go:17] get default theme. 
2017/03/17 09:45:39 [D] [loginModels.go:17] get default theme. 
2017/03/17 09:45:46 [D] [loginModels.go:17] get default theme. 
2017/03/17 09:45:53 [D] [loginModels.go:17] get default theme. 
2017/03/17 09:46:15 [D] [loginModels.go:17] get default theme. 
2017/03/17 09:46:19 [D] [loginModels.go:17] get default theme. 
2017/03/17 09:46:43 [D] [loginModels.go:17] get default theme. 
2017/03/17 09:47:23 [D] [loginModels.go:17] get default theme. 
2017/03/17 09:48:27 [D] [loginModels.go:17] get default theme. 
2017/03/17 09:52:08 [D] [loginModels.go:17] get default theme. 
2017/03/17 09:52:14 [D] [loginModels.go:17] get default theme. 
2017/03/17 09:52:44 [D] [loginModels.go:17] get default theme. 
2017/03/17 09:53:07 [W] [main.go:57] have no authority. redirect to index 
2017/03/17 09:53:09 [E] [loginController.go:28] parase with claims failed. 
2017/03/17 09:53:14 [D] [loginModels.go:17] get default theme. 
2017/03/17 09:53:51 [D] [loginModels.go:17] get default theme. 
2017/03/17 09:54:06 [D] [loginModels.go:17] get default theme. 
2017/03/17 09:56:38 [D] [loginModels.go:17] get default theme. 
2017/03/17 10:00:09 [D] [loginModels.go:17] get default theme. 
2017/03/17 10:02:32 [D] [logs.go:158] init log, platform log dir is : C:/Users/hzwy23/Desktop/devops/log/hauth.log 
2017/03/17 10:02:36 [D] [loginModels.go:17] get default theme. 
2017/03/17 10:04:18 [D] [loginModels.go:17] get default theme. 
2017/03/17 10:04:47 [D] [loginModels.go:17] get default theme. 
2017/03/17 10:06:15 [D] [loginModels.go:17] get default theme. 
2017/03/17 10:07:18 [D] [loginModels.go:17] get default theme. 
2017/03/17 10:07:48 [D] [loginModels.go:17] get default theme. 
2017/03/17 10:08:05 [D] [loginModels.go:17] get default theme. 
2017/03/17 10:10:27 [D] [loginModels.go:17] get default theme. 
2017/03/17 10:11:41 [D] [loginModels.go:17] get default theme. 
2017/03/17 10:12:28 [D] [loginModels.go:17] get default theme. 
2017/03/17 10:13:01 [D] [loginModels.go:17] get default theme. 
2017/03/17 10:15:25 [D] [loginModels.go:17] get default theme. 
2017/03/17 10:15:34 [D] [loginModels.go:17] get default theme. 
2017/03/17 10:19:16 [D] [logs.go:158] init log, platform log dir is : C:/Users/hzwy23/Desktop/devops/log/hauth.log 
2017/03/17 10:19:34 [D] [loginModels.go:17] get default theme. 
2017/03/17 10:46:29 [D] [loginModels.go:17] get default theme. 
2017/03/17 10:46:39 [D] [loginModels.go:17] get default theme. 
2017/03/17 10:49:48 [D] [loginModels.go:17] get default theme. 
2017/03/17 10:50:29 [D] [loginModels.go:17] get default theme. 
2017/03/17 10:50:33 [D] [loginModels.go:17] get default theme. 
2017/03/17 10:50:39 [D] [loginModels.go:17] get default theme. 
2017/03/17 10:52:53 [D] [loginModels.go:17] get default theme. 
2017/03/17 10:53:16 [D] [logs.go:158] init log, platform log dir is : C:/Users/hzwy23/Desktop/devops/log/hauth.log 
2017/03/17 10:53:18 [D] [loginModels.go:17] get default theme. 
2017/03/17 10:55:58 [D] [loginModels.go:17] get default theme. 
2017/03/17 10:56:42 [W] [main.go:56] have no authority. redirect to index 
2017/03/17 10:56:44 [W] [main.go:56] have no authority. redirect to index 
2017/03/17 10:56:52 [D] [loginModels.go:17] get default theme. 
2017/03/17 10:57:02 [D] [loginModels.go:17] get default theme. 
2017/03/17 10:57:10 [D] [loginModels.go:17] get default theme. 
2017/03/17 10:59:11 [D] [loginModels.go:17] get default theme. 
2017/03/17 11:00:44 [D] [loginModels.go:17] get default theme. 
2017/03/17 11:04:09 [E] [loginController.go:28] parase with claims failed. 
2017/03/17 11:07:06 [D] [logs.go:158] init log, platform log dir is : C:/Users/hzwy23/Desktop/devops/log/hauth.log 
2017/03/17 11:07:14 [D] [loginModels.go:17] get default theme. 
2017/03/17 11:07:50 [D] [loginModels.go:17] get default theme. 
2017/03/17 11:07:56 [D] [loginModels.go:17] get default theme. 
2017/03/17 11:08:43 [D] [loginModels.go:17] get default theme. 
2017/03/17 11:10:07 [D] [loginModels.go:17] get default theme. 
2017/03/17 11:11:53 [D] [loginModels.go:17] get default theme. 
2017/03/17 11:11:55 [D] [loginModels.go:17] get default theme. 
2017/03/17 11:18:40 [D] [loginModels.go:17] get default theme. 
2017/03/17 11:19:40 [D] [logs.go:158] init log, platform log dir is : C:/Users/hzwy23/Desktop/devops/log/hauth.log 
2017/03/17 11:19:59 [D] [loginModels.go:17] get default theme. 
2017/03/17 11:23:41 [D] [loginModels.go:17] get default theme. 
2017/03/17 11:26:19 [D] [loginModels.go:17] get default theme. 
2017/03/17 11:27:14 [D] [loginModels.go:17] get default theme. 
2017/03/17 11:29:25 [D] [loginModels.go:17] get default theme. 
2017/03/17 11:30:35 [D] [loginModels.go:17] get default theme. 
2017/03/17 12:43:05 [D] [logs.go:158] init log, platform log dir is : log/hauth.log 
2017/03/17 12:43:17 [D] [loginModels.go:17] get default theme. 
2017/03/17 12:43:19 [D] [loginModels.go:17] get default theme. 
2017/03/17 12:43:31 [D] [loginModels.go:17] get default theme. 
2017/03/17 12:43:35 [D] [loginModels.go:17] get default theme. 
2017/03/17 14:05:25 [D] [logs.go:158] init log, platform log dir is : log/hauth.log 
2017/03/17 14:05:47 [D] [loginModels.go:17] get default theme. 
